Started GET "/" for 127.0.0.1 at 2019-02-06 18:31:41 +0900
Processing by Rails::WelcomeController#index as HTML
  Rendering /Library/Ruby/Gems/2.3.0/gems/railties-5.2.2/lib/rails/templates/rails/welcome/index.html.erb
  Rendered /Library/Ruby/Gems/2.3.0/gems/railties-5.2.2/lib/rails/templates/rails/welcome/index.html.erb (4.2ms)
Completed 200 OK in 34ms (Views: 11.2ms | ActiveRecord: 0.0ms)


  [1m[35m (0.1ms)[0m  [1m[34mSELECT sqlite_version(*)[0m
  ↳ /usr/local/bin/rake:22
  [1m[35m (1.3ms)[0m  [1m[35mCREATE TABLE "schema_migrations" ("version" varchar NOT NULL PRIMARY KEY)[0m
  ↳ /usr/local/bin/rake:22
  [1m[35m (1.4ms)[0m  [1m[35mCREATE TABLE "ar_internal_metadata" ("key" varchar NOT NULL PRIMARY KEY, "value" varchar, "created_at" datetime NOT NULL, "updated_at" datetime NOT NULL)[0m
  ↳ /usr/local/bin/rake:22
  [1m[35m (0.1ms)[0m  [1m[34mSELECT "schema_migrations"."version" FROM "schema_migrations" ORDER BY "schema_migrations"."version" ASC[0m
  ↳ /usr/local/bin/rake:22
Migrating to CreateUsers (20190206093904)
  [1m[35m (0.0ms)[0m  [1m[36mbegin transaction[0m
  ↳ /usr/local/bin/rake:22
  [1m[35m (0.3ms)[0m  [1m[35mCREATE TABLE "users" ("id" integer PRIMARY KEY AUTOINCREMENT NOT NULL, "name" varchar, "age" integer, "created_at" datetime NOT NULL, "updated_at" datetime NOT NULL)[0m
  ↳ db/migrate/20190206093904_create_users.rb:3
  [1m[36mActiveRecord::SchemaMigration Create (0.2ms)[0m  [1m[32mINSERT INTO "schema_migrations" ("version") VALUES (?)[0m  [["version", "20190206093904"]]
  ↳ /usr/local/bin/rake:22
  [1m[35m (0.9ms)[0m  [1m[36mcommit transaction[0m
  ↳ /usr/local/bin/rake:22
  [1m[36mActiveRecord::InternalMetadata Load (0.1ms)[0m  [1m[34mSELECT  "ar_internal_metadata".* FROM "ar_internal_metadata" WHERE "ar_internal_metadata"."key" = ? LIMIT ?[0m  [["key", "environment"], ["LIMIT", 1]]
  ↳ /usr/local/bin/rake:22
  [1m[35m (0.0ms)[0m  [1m[36mbegin transaction[0m
  ↳ /usr/local/bin/rake:22
  [1m[36mActiveRecord::InternalMetadata Create (0.2ms)[0m  [1m[32mINSERT INTO "ar_internal_metadata" ("key", "value", "created_at", "updated_at") VALUES (?, ?, ?, ?)[0m  [["key", "environment"], ["value", "development"], ["created_at", "2019-02-06 09:41:28.145001"], ["updated_at", "2019-02-06 09:41:28.145001"]]
  ↳ /usr/local/bin/rake:22
  [1m[35m (1.2ms)[0m  [1m[36mcommit transaction[0m
  ↳ /usr/local/bin/rake:22
  [1m[35m (0.2ms)[0m  [1m[34mSELECT "schema_migrations"."version" FROM "schema_migrations" ORDER BY "schema_migrations"."version" ASC[0m
  ↳ /usr/local/bin/rake:22
Started GET "/" for 127.0.0.1 at 2019-02-06 18:41:57 +0900
  [1m[35m (0.1ms)[0m  [1m[34mSELECT "schema_migrations"."version" FROM "schema_migrations" ORDER BY "schema_migrations"."version" ASC[0m
  ↳ /Library/Ruby/Gems/2.3.0/gems/activerecord-5.2.2/lib/active_record/log_subscriber.rb:98
Processing by Rails::WelcomeController#index as HTML
  Rendering /Library/Ruby/Gems/2.3.0/gems/railties-5.2.2/lib/rails/templates/rails/welcome/index.html.erb
  Rendered /Library/Ruby/Gems/2.3.0/gems/railties-5.2.2/lib/rails/templates/rails/welcome/index.html.erb (3.0ms)
Completed 200 OK in 31ms (Views: 6.4ms | ActiveRecord: 0.0ms)


Started GET "/users/new" for 127.0.0.1 at 2019-02-06 18:42:03 +0900
Processing by UsersController#new as HTML
  Rendering users/new.html.erb within layouts/application
  Rendered users/new.html.erb within layouts/application (18.3ms)
Completed 200 OK in 633ms (Views: 621.3ms | ActiveRecord: 0.8ms)


Started GET "/users/new" for 127.0.0.1 at 2019-02-06 18:45:56 +0900
  [1m[35m (0.1ms)[0m  [1m[34mSELECT "schema_migrations"."version" FROM "schema_migrations" ORDER BY "schema_migrations"."version" ASC[0m
  ↳ /Library/Ruby/Gems/2.3.0/gems/activerecord-5.2.2/lib/active_record/log_subscriber.rb:98
Processing by UsersController#new as HTML
  Rendering users/new.html.erb within layouts/application
  Rendered users/new.html.erb within layouts/application (4.7ms)
Completed 200 OK in 252ms (Views: 224.8ms | ActiveRecord: 0.5ms)


Started POST "/users" for 127.0.0.1 at 2019-02-06 18:46:04 +0900
Processing by UsersController#create as HTML
  Parameters: {"utf8"=>"✓", "authenticity_token"=>"6vaKcpU4QKch1EJiRv46eNStSmdSmuTosmYaAXQmBkqRetq1wl0Ltuw3BYjLijFAyn2RIRF+0V6cVB7gqZZr5A==", "user"=>{"name"=>"aaaaa", "age"=>"23"}, "commit"=>"Create User"}
  [1m[35m (0.1ms)[0m  [1m[36mbegin transaction[0m
  ↳ app/controllers/users_controller.rb:8
  [1m[36mUser Create (0.4ms)[0m  [1m[32mINSERT INTO "users" ("name", "age", "created_at", "updated_at") VALUES (?, ?, ?, ?)[0m  [["name", "aaaaa"], ["age", 23], ["created_at", "2019-02-06 09:46:04.243758"], ["updated_at", "2019-02-06 09:46:04.243758"]]
  ↳ app/controllers/users_controller.rb:8
  [1m[35m (0.6ms)[0m  [1m[36mcommit transaction[0m
  ↳ app/controllers/users_controller.rb:8
  Rendering users/create.html.erb within layouts/application
  Rendered users/create.html.erb within layouts/application (0.3ms)
Completed 200 OK in 22ms (Views: 15.8ms | ActiveRecord: 1.1ms)


  [1m[36mUser Load (0.5ms)[0m  [1m[34mSELECT  "users".* FROM "users" LIMIT ?[0m  [["LIMIT", 11]]
Started GET "/users" for 127.0.0.1 at 2019-02-06 18:51:56 +0900
  [1m[35m (0.1ms)[0m  [1m[34mSELECT "schema_migrations"."version" FROM "schema_migrations" ORDER BY "schema_migrations"."version" ASC[0m
  ↳ /Library/Ruby/Gems/2.3.0/gems/activerecord-5.2.2/lib/active_record/log_subscriber.rb:98
Processing by UsersController#index as HTML
  Rendering users/index.html.erb within layouts/application
  [1m[36mUser Load (0.2ms)[0m  [1m[34mSELECT "users".* FROM "users"[0m
  ↳ app/views/users/index.html.erb:2
  Rendered users/index.html.erb within layouts/application (6.0ms)
Completed 200 OK in 238ms (Views: 217.3ms | ActiveRecord: 0.6ms)


Started GET "/users/new" for 127.0.0.1 at 2019-02-06 18:52:01 +0900
Processing by UsersController#new as HTML
  Rendering users/new.html.erb within layouts/application
  Rendered users/new.html.erb within layouts/application (6.4ms)
Completed 200 OK in 35ms (Views: 30.5ms | ActiveRecord: 0.0ms)


Started POST "/users" for 127.0.0.1 at 2019-02-06 18:52:08 +0900
Processing by UsersController#create as HTML
  Parameters: {"utf8"=>"✓", "authenticity_token"=>"2bRDkAU7krBXnCEEBW7mcGHgw3tWow9chDylJr/uMerxZaHIbb+XTDlSb5CySw2xcU3y8PZDUHyZm13OwYM3zg==", "user"=>{"name"=>"bbbb", "age"=>"45"}, "commit"=>"Create User"}
  [1m[35m (0.1ms)[0m  [1m[36mbegin transaction[0m
  ↳ app/controllers/users_controller.rb:12
  [1m[36mUser Create (0.5ms)[0m  [1m[32mINSERT INTO "users" ("name", "age", "created_at", "updated_at") VALUES (?, ?, ?, ?)[0m  [["name", "bbbb"], ["age", 45], ["created_at", "2019-02-06 09:52:08.491740"], ["updated_at", "2019-02-06 09:52:08.491740"]]
  ↳ app/controllers/users_controller.rb:12
  [1m[35m (0.8ms)[0m  [1m[36mcommit transaction[0m
  ↳ app/controllers/users_controller.rb:12
  Rendering users/create.html.erb within layouts/application
  Rendered users/create.html.erb within layouts/application (0.4ms)
Completed 200 OK in 29ms (Views: 22.1ms | ActiveRecord: 1.4ms)


Started GET "/users" for 127.0.0.1 at 2019-02-06 18:52:09 +0900
Processing by UsersController#index as HTML
  Rendering users/index.html.erb within layouts/application
  [1m[36mUser Load (0.2ms)[0m  [1m[34mSELECT "users".* FROM "users"[0m
  ↳ app/views/users/index.html.erb:2
  Rendered users/index.html.erb within layouts/application (1.3ms)
Completed 200 OK in 24ms (Views: 21.0ms | ActiveRecord: 0.2ms)


Started GET "/users" for 127.0.0.1 at 2019-02-06 19:08:10 +0900
  [1m[35m (0.1ms)[0m  [1m[34mSELECT "schema_migrations"."version" FROM "schema_migrations" ORDER BY "schema_migrations"."version" ASC[0m
  ↳ /Library/Ruby/Gems/2.3.0/gems/activerecord-5.2.2/lib/active_record/log_subscriber.rb:98
Processing by UsersController#index as HTML
  Rendering users/index.html.erb within layouts/application
  [1m[36mUser Load (0.1ms)[0m  [1m[34mSELECT "users".* FROM "users"[0m
  ↳ app/views/users/index.html.erb:2
  Rendered users/index.html.erb within layouts/application (6.6ms)
Completed 200 OK in 225ms (Views: 202.9ms | ActiveRecord: 0.8ms)


Started GET "/users/new" for 127.0.0.1 at 2019-02-06 19:08:15 +0900
Processing by UsersController#new as HTML
  Rendering users/new.html.erb within layouts/application
  Rendered users/new.html.erb within layouts/application (4.8ms)
Completed 200 OK in 30ms (Views: 25.6ms | ActiveRecord: 0.0ms)


Started POST "/users" for 127.0.0.1 at 2019-02-06 19:08:20 +0900
Processing by UsersController#create as HTML
  Parameters: {"utf8"=>"✓", "authenticity_token"=>"KBJmPshmgO6fZjAhC6QruejMfT+GhR6EaiZwfmY1GqBTnjb5nwPL/1KFd8uG0CCB9hymecVhKzJEFHSfu4V3Dg==", "user"=>{"name"=>"rrrrrrr", "age"=>"22"}, "commit"=>"Create User"}
  [1m[35m (0.1ms)[0m  [1m[36mbegin transaction[0m
  ↳ app/controllers/users_controller.rb:12
  [1m[36mUser Create (0.5ms)[0m  [1m[32mINSERT INTO "users" ("name", "age", "created_at", "updated_at") VALUES (?, ?, ?, ?)[0m  [["name", "rrrrrrr"], ["age", 22], ["created_at", "2019-02-06 10:08:20.090997"], ["updated_at", "2019-02-06 10:08:20.090997"]]
  ↳ app/controllers/users_controller.rb:12
  [1m[35m (1.4ms)[0m  [1m[36mcommit transaction[0m
  ↳ app/controllers/users_controller.rb:12
  Rendering users/create.html.erb within layouts/application
  Rendered users/create.html.erb within layouts/application (0.4ms)
Completed 200 OK in 28ms (Views: 20.0ms | ActiveRecord: 2.0ms)


Started GET "/users" for 127.0.0.1 at 2019-02-06 19:08:21 +0900
Processing by UsersController#index as HTML
  Rendering users/index.html.erb within layouts/application
  [1m[36mUser Load (0.2ms)[0m  [1m[34mSELECT "users".* FROM "users"[0m
  ↳ app/views/users/index.html.erb:2
  Rendered users/index.html.erb within layouts/application (1.5ms)
Completed 200 OK in 25ms (Views: 21.5ms | ActiveRecord: 0.2ms)


Started GET "/users/new" for 127.0.0.1 at 2019-02-06 19:08:26 +0900
Processing by UsersController#new as HTML
  Rendering users/new.html.erb within layouts/application
  Rendered users/new.html.erb within layouts/application (1.5ms)
Completed 200 OK in 30ms (Views: 25.7ms | ActiveRecord: 0.0ms)


